This is pdfTeX, Version 3.141592653-2.6-1.40.25 (TeX Live 2023/Debian) (preloaded format=pdflatex 2026.4.26)  1 MAY 2026 22:54
entering extended mode
 restricted \write18 enabled.
 file:line:error style messages enabled.
 %&-line parsing enabled.
**/home/luca/Documents/SUPSI/magic-eraser/documentation/latex/document.tex
(/home/luca/Documents/SUPSI/magic-eraser/documentation/latex/document.tex
LaTeX2e <2023-11-01> patch level 1
L3 programming layer <2024-01-22>
(./supsistudent.cls
Document Class: supsistudent 2012/09/27 v0.02 SUPSI Student, amos.brocco@supsi.ch
(/usr/share/texlive/texmf-dist/tex/latex/base/book.cls
Document Class: book 2023/05/17 v1.4n Standard LaTeX document class
(/usr/share/texlive/texmf-dist/tex/latex/base/bk11.clo
File: bk11.clo 2023/05/17 v1.4n Standard LaTeX file (size option)
)
\c@part=\count187
\c@chapter=\count188
\c@section=\count189
\c@subsection=\count190
\c@subsubsection=\count191
\c@paragraph=\count192
\c@subparagraph=\count193
\c@figure=\count194
\c@table=\count195
\abovecaptionskip=\skip48
\belowcaptionskip=\skip49
\bibindent=\dimen140
) (/usr/share/texlive/texmf-dist/tex/generic/babel/babel.sty
Package: babel 2024/01/07 v24.1 The Babel package
\babel@savecnt=\count196
\U@D=\dimen141
\l@unhyphenated=\language6
 (/usr/share/texlive/texmf-dist/tex/generic/babel/txtbabel.def)
\bbl@readstream=\read2
\bbl@dirlevel=\count197
 (/usr/share/texlive/texmf-dist/tex/generic/babel-italian/italian.ldf
Language: italian 2024/01/03 v.1.5.00 Italian support for the babel system
\it@lettering=\count198
\it@doublequoteactive=\count199
\it@ISOcompliance=\count266
)) (/usr/share/texlive/texmf-dist/tex/generic/babel/locale/it/babel-italian.tex
Package babel Info: Importing font and identification data for italian
(babel)             from babel-it.ini. Reported on input line 11.
) (/usr/share/texlive/texmf-dist/tex/latex/etoolbox/etoolbox.sty
Package: etoolbox 2020/10/05 v2.5k e-TeX tools for LaTeX (JAW)
\etb@tempcnta=\count267
) (/usr/share/texlive/texmf-dist/tex/latex/geometry/geometry.sty
Package: geometry 2020/01/02 v5.9 Page Geometry
 (/usr/share/texlive/texmf-dist/tex/latex/graphics/keyval.sty
Package: keyval 2022/05/29 v1.15 key=value parser (DPC)
\KV@toks@=\toks17
) (/usr/share/texlive/texmf-dist/tex/generic/iftex/ifvtex.sty
Package: ifvtex 2019/10/25 v1.7 ifvtex legacy package. Use iftex instead.
 (/usr/share/texlive/texmf-dist/tex/generic/iftex/iftex.sty
Package: iftex 2022/02/03 v1.0f TeX engine tests
))
\Gm@cnth=\count268
\Gm@cntv=\count269
\c@Gm@tempcnt=\count270
\Gm@bindingoffset=\dimen142
\Gm@wd@mp=\dimen143
\Gm@odd@mp=\dimen144
\Gm@even@mp=\dimen145
\Gm@layoutwidth=\dimen146
\Gm@layoutheight=\dimen147
\Gm@layouthoffset=\dimen148
\Gm@layoutvoffset=\dimen149
\Gm@dimlist=\toks18
) (/usr/share/texlive/texmf-dist/tex/latex/base/inputenc.sty
Package: inputenc 2021/02/14 v1.3d Input encoding file
\inpenc@prehook=\toks19
\inpenc@posthook=\toks20
) (/usr/share/texlive/texmf-dist/tex/latex/tools/array.sty
Package: array 2023/10/16 v2.5g Tabular extension package (FMi)
\col@sep=\dimen150
\ar@mcellbox=\box51
\extrarowheight=\dimen151
\NC@list=\toks21
\extratabsurround=\skip50
\backup@length=\skip51
\ar@cellbox=\box52
) (/usr/share/texlive/texmf-dist/tex/latex/amsmath/amsmath.sty
Package: amsmath 2023/05/13 v2.17o AMS math features
\@mathmargin=\skip52

For additional information on amsmath, use the `?' option.
(/usr/share/texlive/texmf-dist/tex/latex/amsmath/amstext.sty
Package: amstext 2021/08/26 v2.01 AMS text
 (/usr/share/texlive/texmf-dist/tex/latex/amsmath/amsgen.sty
File: amsgen.sty 1999/11/30 v2.0 generic functions
\@emptytoks=\toks22
\ex@=\dimen152
)) (/usr/share/texlive/texmf-dist/tex/latex/amsmath/amsbsy.sty
Package: amsbsy 1999/11/29 v1.2d Bold Symbols
\pmbraise@=\dimen153
) (/usr/share/texlive/texmf-dist/tex/latex/amsmath/amsopn.sty
Package: amsopn 2022/04/08 v2.04 operator names
)
\inf@bad=\count271
LaTeX Info: Redefining \frac on input line 234.
\uproot@=\count272
\leftroot@=\count273
LaTeX Info: Redefining \overline on input line 399.
LaTeX Info: Redefining \colon on input line 410.
\classnum@=\count274
\DOTSCASE@=\count275
LaTeX Info: Redefining \ldots on input line 496.
LaTeX Info: Redefining \dots on input line 499.
LaTeX Info: Redefining \cdots on input line 620.
\Mathstrutbox@=\box53
\strutbox@=\box54
LaTeX Info: Redefining \big on input line 722.
LaTeX Info: Redefining \Big on input line 723.
LaTeX Info: Redefining \bigg on input line 724.
LaTeX Info: Redefining \Bigg on input line 725.
\big@size=\dimen154
LaTeX Font Info:    Redeclaring font encoding OML on input line 743.
LaTeX Font Info:    Redeclaring font encoding OMS on input line 744.
\macc@depth=\count276
LaTeX Info: Redefining \bmod on input line 905.
LaTeX Info: Redefining \pmod on input line 910.
LaTeX Info: Redefining \smash on input line 940.
LaTeX Info: Redefining \relbar on input line 970.
LaTeX Info: Redefining \Relbar on input line 971.
\c@MaxMatrixCols=\count277
\dotsspace@=\muskip16
\c@parentequation=\count278
\dspbrk@lvl=\count279
\tag@help=\toks23
\row@=\count280
\column@=\count281
\maxfields@=\count282
\andhelp@=\toks24
\eqnshift@=\dimen155
\alignsep@=\dimen156
\tagshift@=\dimen157
\tagwidth@=\dimen158
\totwidth@=\dimen159
\lineht@=\dimen160
\@envbody=\toks25
\multlinegap=\skip53
\multlinetaggap=\skip54
\mathdisplay@stack=\toks26
LaTeX Info: Redefining \[ on input line 2953.
LaTeX Info: Redefining \] on input line 2954.
) (/usr/share/texlive/texmf-dist/tex/latex/titlesec/titlesec.sty
Package: titlesec 2023/10/27 v2.16 Sectioning titles
\ttl@box=\box55
\beforetitleunit=\skip55
\aftertitleunit=\skip56
\ttl@plus=\dimen161
\ttl@minus=\dimen162
\ttl@toksa=\toks27
\titlewidth=\dimen163
\titlewidthlast=\dimen164
\titlewidthfirst=\dimen165
) (/usr/share/texlive/texmf-dist/tex/latex/base/fontenc.sty
Package: fontenc 2021/04/29 v2.0v Standard LaTeX package
) (/usr/share/texlive/texmf-dist/tex/latex/psnfss/helvet.sty
Package: helvet 2020/03/25 PSNFSS-v9.3 (WaS) 
) (/usr/share/texlive/texmf-dist/tex/latex/setspace/setspace.sty
Package: setspace 2022/12/04 v6.7b set line spacing
) (/usr/share/texlive/texmf-dist/tex/latex/tools/varioref.sty
Package: varioref 2022/01/09 v1.6f package for extended references (FMi)
\c@vrcnt=\count283
) (/usr/share/texlive/texmf-dist/tex/latex/graphics/graphicx.sty
Package: graphicx 2021/09/16 v1.2d Enhanced LaTeX Graphics (DPC,SPQR)
 (/usr/share/texlive/texmf-dist/tex/latex/graphics/graphics.sty
Package: graphics 2022/03/10 v1.4e Standard LaTeX Graphics (DPC,SPQR)
 (/usr/share/texlive/texmf-dist/tex/latex/graphics/trig.sty
Package: trig 2021/08/11 v1.11 sin cos tan (DPC)
) (/usr/share/texlive/texmf-dist/tex/latex/graphics-cfg/graphics.cfg
File: graphics.cfg 2016/06/04 v1.11 sample graphics configuration
)
Package graphics Info: Driver file: pdftex.def on input line 107.
 (/usr/share/texlive/texmf-dist/tex/latex/graphics-def/pdftex.def
File: pdftex.def 2022/09/22 v1.2b Graphics/color driver for pdftex
))
\Gin@req@height=\dimen166
\Gin@req@width=\dimen167
) (/usr/share/texlive/texmf-dist/tex/latex/changepage/changepage.sty
Package: changepage 2009/10/20 v1.0c check page and change page layout
\c@cp@cntr=\count284
\cp@tempcnt=\count285
) (/usr/share/texlive/texmf-dist/tex/latex/lipsum/lipsum.sty (/usr/share/texlive/texmf-dist/tex/latex/l3packages/l3keys2e/l3keys2e.sty (/usr/share/texlive/texmf-dist/tex/latex/l3kernel/expl3.sty
Package: expl3 2024-01-22 L3 programming layer (loader) 
 (/usr/share/texlive/texmf-dist/tex/latex/l3backend/l3backend-pdftex.def
File: l3backend-pdftex.def 2024-01-04 L3 backend support: PDF output (pdfTeX)
\l__color_backend_stack_int=\count286
\l__pdf_internal_box=\box56
))
Package: l3keys2e 2023-10-10 LaTeX2e option processing using LaTeX3 keys
)
Package: lipsum 2021-09-20 v2.7 150 paragraphs of Lorem Ipsum dummy text
\g__lipsum_par_int=\count287
\l__lipsum_a_int=\count288
\l__lipsum_b_int=\count289
 (/usr/share/texlive/texmf-dist/tex/latex/lipsum/lipsum.ltd.tex)) (/usr/share/texlive/texmf-dist/tex/latex/eso-pic/eso-pic.sty
Package: eso-pic 2023/05/03 v3.0c eso-pic (RN)
\ESO@tempdima=\dimen168
\ESO@tempdimb=\dimen169
 (/usr/share/texlive/texmf-dist/tex/latex/xcolor/xcolor.sty
Package: xcolor 2023/11/15 v3.01 LaTeX color extensions (UK)
 (/usr/share/texlive/texmf-dist/tex/latex/graphics-cfg/color.cfg
File: color.cfg 2016/01/02 v1.6 sample color configuration
)
Package xcolor Info: Driver file: pdftex.def on input line 274.
 (/usr/share/texlive/texmf-dist/tex/latex/graphics/mathcolor.ltx)
Package xcolor Info: Model `cmy' substituted by `cmy0' on input line 1350.
Package xcolor Info: Model `hsb' substituted by `rgb' on input line 1354.
Package xcolor Info: Model `RGB' extended on input line 1366.
Package xcolor Info: Model `HTML' substituted by `rgb' on input line 1368.
Package xcolor Info: Model `Hsb' substituted by `hsb' on input line 1369.
Package xcolor Info: Model `tHsb' substituted by `hsb' on input line 1370.
Package xcolor Info: Model `HSB' substituted by `hsb' on input line 1371.
Package xcolor Info: Model `Gray' substituted by `gray' on input line 1372.
Package xcolor Info: Model `wave' substituted by `hsb' on input line 1373.
)) (/usr/share/texlive/texmf-dist/tex/latex/lastpage/lastpage.sty
Package: lastpage 2023/10/14 v2.0e lastpage: 2.09 or 2e? (HMM)
 (/usr/share/texlive/texmf-dist/tex/latex/lastpage/lastpage2e.sty
Package: lastpage2e 2023/10/14 v2.0e Decide which 2e lastpage version to use (HMM)
 (/usr/share/texlive/texmf-dist/tex/latex/lastpage/lastpagemodern.sty
Package: lastpagemodern 2023-10-14 v2.0e Refers to last page's name (HMM; JPG)
\c@lastpagecount=\count290
) 
)) (/usr/share/texlive/texmf-dist/tex/latex/fancyhdr/fancyhdr.sty
Package: fancyhdr 2022/11/09 v4.1 Extensive control of page headers and footers
\f@nch@headwidth=\skip57
\f@nch@O@elh=\skip58
\f@nch@O@erh=\skip59
\f@nch@O@olh=\skip60
\f@nch@O@orh=\skip61
\f@nch@O@elf=\skip62
\f@nch@O@erf=\skip63
\f@nch@O@olf=\skip64
\f@nch@O@orf=\skip65
))
LaTeX Font Info:    Trying to load font information for T1+phv on input line 41.
 (/usr/share/texlive/texmf-dist/tex/latex/psnfss/t1phv.fd
File: t1phv.fd 2020/03/25 scalable font definitions for T1/phv.
)
LaTeX Font Info:    Font shape `T1/phv/m/n' will be
(Font)              scaled to size 10.40245pt on input line 41.
 (./document.aux)
\openout1 = `document.aux'.

LaTeX Font Info:    Checking defaults for OML/cmm/m/it on input line 41.
LaTeX Font Info:    ... okay on input line 41.
LaTeX Font Info:    Checking defaults for OMS/cmsy/m/n on input line 41.
LaTeX Font Info:    ... okay on input line 41.
LaTeX Font Info:    Checking defaults for OT1/cmr/m/n on input line 41.
LaTeX Font Info:    ... okay on input line 41.
LaTeX Font Info:    Checking defaults for T1/cmr/m/n on input line 41.
LaTeX Font Info:    ... okay on input line 41.
LaTeX Font Info:    Checking defaults for TS1/cmr/m/n on input line 41.
LaTeX Font Info:    ... okay on input line 41.
LaTeX Font Info:    Checking defaults for OMX/cmex/m/n on input line 41.
LaTeX Font Info:    ... okay on input line 41.
LaTeX Font Info:    Checking defaults for U/cmr/m/n on input line 41.
LaTeX Font Info:    ... okay on input line 41.
LaTeX Info: Redefining \it@ocap on input line 41.
LaTeX Info: Redefining \it@ccap on input line 41.

*geometry* driver: auto-detecting
*geometry* detected driver: pdftex
*geometry* verbose mode - [ preamble ] result:
* driver: pdftex
* paper: a4paper
* layout: <same size as paper>
* layoutoffset:(h,v)=(0.0pt,0.0pt)
* modes: twoside 
* h-part:(L,W,R)=(71.70166pt, 418.25368pt, 107.55254pt)
* v-part:(T,H,B)=(113.81102pt, 645.87756pt, 85.35826pt)
* \paperwidth=597.50787pt
* \paperheight=845.04684pt
* \textwidth=418.25368pt
* \textheight=645.87756pt
* \oddsidemargin=-0.56833pt
* \evensidemargin=35.28255pt
* \topmargin=9.66724pt
* \headheight=17.0pt
* \headsep=40.0pt
* \topskip=11.0pt
* \footskip=50.0pt
* \marginparwidth=116.0pt
* \marginparsep=7.0pt
* \columnsep=10.0pt
* \skip\footins=10.0pt plus 4.0pt minus 2.0pt
* \hoffset=0.0pt
* \voffset=0.0pt
* \mag=1000
* \@twocolumnfalse
* \@twosidetrue
* \@mparswitchtrue
* \@reversemarginfalse
* (1in=72.27pt=25.4mm, 1cm=28.453pt)

(/usr/share/texlive/texmf-dist/tex/context/base/mkii/supp-pdf.mkii
[Loading MPS to PDF converter (version 2006.09.02).]
\scratchcounter=\count291
\scratchdimen=\dimen170
\scratchbox=\box57
\nofMPsegments=\count292
\nofMParguments=\count293
\everyMPshowfont=\toks28
\MPscratchCnt=\count294
\MPscratchDim=\dimen171
\MPnumerator=\count295
\makeMPintoPDFobject=\count296
\everyMPtoPDFconversion=\toks29
) (/usr/share/texlive/texmf-dist/tex/latex/epstopdf-pkg/epstopdf-base.sty
Package: epstopdf-base 2020-01-24 v2.11 Base part for package epstopdf
Package epstopdf-base Info: Redefining graphics rule for `.eps' on input line 485.
 (/usr/share/texlive/texmf-dist/tex/latex/latexconfig/epstopdf-sys.cfg
File: epstopdf-sys.cfg 2010/07/13 v1.3 Configuration of (r)epstopdf for TeX Live
))
<logoprima.png, id=1, 483.60675pt x 99.61215pt>
File: logoprima.png Graphic file (type png)
<use logoprima.png>
Package pdftex.def Info: logoprima.png  used on input line 44.
(pdftex.def)             Requested size: 483.69684pt x 99.63165pt.
LaTeX Font Info:    Font shape `T1/phv/m/n' will be
(Font)              scaled to size 23.63593pt on input line 44.
LaTeX Font Info:    Trying to load font information for T1+ptm on input line 44.
 (/usr/share/texlive/texmf-dist/tex/latex/psnfss/t1ptm.fd
File: t1ptm.fd 2001/06/04 font definitions for T1/ptm.
)
LaTeX Font Info:    Font shape `T1/phv/m/n' will be
(Font)              scaled to size 7.59998pt on input line 44.
LaTeX Font Info:    Font shape `T1/phv/bx/n' in size <14> not available
(Font)              Font shape `T1/phv/b/n' tried instead on input line 44.
LaTeX Font Info:    Font shape `T1/phv/b/n' will be
(Font)              scaled to size 13.29996pt on input line 44.
<logoverticale.png, id=2, 69.25874pt x 649.42625pt>
File: logoverticale.png Graphic file (type png)
<use logoverticale.png>
Package pdftex.def Info: logoverticale.png  used on input line 44.
(pdftex.def)             Requested size: 21.54396pt x 202.01456pt.
LaTeX Font Info:    Font shape `T1/phv/m/n' will be
(Font)              scaled to size 13.29996pt on input line 44.
 [1


{/var/lib/texmf/fonts/map/pdftex/updmap/pdftex.map}{/usr/share/texlive/texmf-dist/fonts/enc/dvips/base/8r.enc} <./logoprima.png> <./logoverticale.png>] [2]
LaTeX Font Info:    Font shape `T1/phv/b/n' will be
(Font)              scaled to size 23.63593pt on input line 50.
 (./document.toc
LaTeX Font Info:    Font shape `T1/phv/b/n' will be
(Font)              scaled to size 10.40245pt on input line 3.
<logoheader.png, id=16, 209.1012pt x 12.74646pt>
File: logoheader.png Graphic file (type png)
<use logoheader.png>
Package pdftex.def Info: logoheader.png  used on input line 31.
(pdftex.def)             Requested size: 199.16928pt x 12.14133pt.
LaTeX Font Info:    Font shape `T1/phv/m/n' will be
(Font)              scaled to size 9.49997pt on input line 31.
File: logoverticale.png Graphic file (type png)
<use logoverticale.png>
Package pdftex.def Info: logoverticale.png  used on input line 31.
(pdftex.def)             Requested size: 13.35057pt x 125.19212pt.
 [1


 <./logoheader.png>])
\tf@toc=\write3
\openout3 = `document.toc'.

File: logoverticale.png Graphic file (type png)
<use logoverticale.png>
Package pdftex.def Info: logoverticale.png  used on input line 54.
(pdftex.def)             Requested size: 13.35057pt x 125.19212pt.
 [2]
LaTeX Font Info:    Font shape `T1/phv/m/n' will be
(Font)              scaled to size 13.67995pt on input line 56.
LaTeX Font Info:    Font shape `T1/phv/b/n' will be
(Font)              scaled to size 13.67995pt on input line 56.
LaTeX Font Info:    Font shape `T1/phv/m/n' will be
(Font)              scaled to size 11.39996pt on input line 57.
LaTeX Font Info:    Font shape `T1/phv/b/n' will be
(Font)              scaled to size 11.39996pt on input line 57.
File: logoheader.png Graphic file (type png)
<use logoheader.png>
Package pdftex.def Info: logoheader.png  used on input line 106.
(pdftex.def)             Requested size: 199.16928pt x 12.14133pt.
File: logoverticale.png Graphic file (type png)
<use logoverticale.png>
Package pdftex.def Info: logoverticale.png  used on input line 106.
(pdftex.def)             Requested size: 13.35057pt x 125.19212pt.
 [3

]
File: logoverticale.png Graphic file (type png)
<use logoverticale.png>
Package pdftex.def Info: logoverticale.png  used on input line 117.
(pdftex.def)             Requested size: 13.35057pt x 125.19212pt.
 [4]
Capitolo 1.
LaTeX Font Info:    Font shape `T1/phv/m/n' will be
(Font)              scaled to size 19.70294pt on input line 123.
LaTeX Font Info:    Font shape `T1/phv/b/n' will be
(Font)              scaled to size 19.70294pt on input line 123.
File: logoheader.png Graphic file (type png)
<use logoheader.png>
Package pdftex.def Info: logoheader.png  used on input line 161.
(pdftex.def)             Requested size: 199.16928pt x 12.14133pt.
File: logoverticale.png Graphic file (type png)
<use logoverticale.png>
Package pdftex.def Info: logoverticale.png  used on input line 161.
(pdftex.def)             Requested size: 13.35057pt x 125.19212pt.
[1


]
File: logoverticale.png Graphic file (type png)
<use logoverticale.png>
Package pdftex.def Info: logoverticale.png  used on input line 168.
(pdftex.def)             Requested size: 13.35057pt x 125.19212pt.
 [2]
Capitolo 2.
File: logoheader.png Graphic file (type png)
<use logoheader.png>
Package pdftex.def Info: logoheader.png  used on input line 207.
(pdftex.def)             Requested size: 199.16928pt x 12.14133pt.
File: logoverticale.png Graphic file (type png)
<use logoverticale.png>
Package pdftex.def Info: logoverticale.png  used on input line 207.
(pdftex.def)             Requested size: 13.35057pt x 125.19212pt.
[3

]
File: logoverticale.png Graphic file (type png)
<use logoverticale.png>
Package pdftex.def Info: logoverticale.png  used on input line 233.
(pdftex.def)             Requested size: 13.35057pt x 125.19212pt.
 [4]
Capitolo 3.
File: logoheader.png Graphic file (type png)
<use logoheader.png>
Package pdftex.def Info: logoheader.png  used on input line 258.
(pdftex.def)             Requested size: 199.16928pt x 12.14133pt.
File: logoverticale.png Graphic file (type png)
<use logoverticale.png>
Package pdftex.def Info: logoverticale.png  used on input line 258.
(pdftex.def)             Requested size: 13.35057pt x 125.19212pt.
[5

]
File: logoverticale.png Graphic file (type png)
<use logoverticale.png>
Package pdftex.def Info: logoverticale.png  used on input line 277.
(pdftex.def)             Requested size: 13.35057pt x 125.19212pt.
 [6]
Capitolo 4.
LaTeX Font Info:    Trying to load font information for T1+cmtt on input line 304.
(/usr/share/texlive/texmf-dist/tex/latex/base/t1cmtt.fd
File: t1cmtt.fd 2023/04/13 v2.5m Standard LaTeX font definitions
)
File: logoheader.png Graphic file (type png)
<use logoheader.png>
Package pdftex.def Info: logoheader.png  used on input line 307.
(pdftex.def)             Requested size: 199.16928pt x 12.14133pt.
File: logoverticale.png Graphic file (type png)
<use logoverticale.png>
Package pdftex.def Info: logoverticale.png  used on input line 307.
(pdftex.def)             Requested size: 13.35057pt x 125.19212pt.
 [7

]
File: logoverticale.png Graphic file (type png)
<use logoverticale.png>
Package pdftex.def Info: logoverticale.png  used on input line 327.
(pdftex.def)             Requested size: 13.35057pt x 125.19212pt.
 [8]
Capitolo 5.

Underfull \vbox (badness 1436) has occurred while \output is active []

File: logoheader.png Graphic file (type png)
<use logoheader.png>
Package pdftex.def Info: logoheader.png  used on input line 356.
(pdftex.def)             Requested size: 199.16928pt x 12.14133pt.
File: logoverticale.png Graphic file (type png)
<use logoverticale.png>
Package pdftex.def Info: logoverticale.png  used on input line 356.
(pdftex.def)             Requested size: 13.35057pt x 125.19212pt.
 [9

]
File: logoverticale.png Graphic file (type png)
<use logoverticale.png>
Package pdftex.def Info: logoverticale.png  used on input line 380.
(pdftex.def)             Requested size: 13.35057pt x 125.19212pt.
 [10]
Capitolo 6.
File: logoheader.png Graphic file (type png)
<use logoheader.png>
Package pdftex.def Info: logoheader.png  used on input line 410.
(pdftex.def)             Requested size: 199.16928pt x 12.14133pt.
File: logoverticale.png Graphic file (type png)
<use logoverticale.png>
Package pdftex.def Info: logoverticale.png  used on input line 410.
(pdftex.def)             Requested size: 13.35057pt x 125.19212pt.
[11

]
File: logoverticale.png Graphic file (type png)
<use logoverticale.png>
Package pdftex.def Info: logoverticale.png  used on input line 411.
(pdftex.def)             Requested size: 13.35057pt x 125.19212pt.
 [12]
Capitolo 7.

Underfull \vbox (badness 1436) has occurred while \output is active []

File: logoheader.png Graphic file (type png)
<use logoheader.png>
Package pdftex.def Info: logoheader.png  used on input line 439.
(pdftex.def)             Requested size: 199.16928pt x 12.14133pt.
File: logoverticale.png Graphic file (type png)
<use logoverticale.png>
Package pdftex.def Info: logoverticale.png  used on input line 439.
(pdftex.def)             Requested size: 13.35057pt x 125.19212pt.
 [13

]
File: logoverticale.png Graphic file (type png)
<use logoverticale.png>
Package pdftex.def Info: logoverticale.png  used on input line 443.
(pdftex.def)             Requested size: 13.35057pt x 125.19212pt.
 [14]
File: logoheader.png Graphic file (type png)
<use logoheader.png>
Package pdftex.def Info: logoheader.png  used on input line 470.
(pdftex.def)             Requested size: 199.16928pt x 12.14133pt.
File: logoverticale.png Graphic file (type png)
<use logoverticale.png>
Package pdftex.def Info: logoverticale.png  used on input line 470.
(pdftex.def)             Requested size: 13.35057pt x 125.19212pt.
 [15

]
Appendice A.
File: logoverticale.png Graphic file (type png)
<use logoverticale.png>
Package pdftex.def Info: logoverticale.png  used on input line 491.
(pdftex.def)             Requested size: 13.35057pt x 125.19212pt.
[16

]
Appendice B.
LaTeX Font Info:    Trying to load font information for TS1+phv on input line 495.
(/usr/share/texlive/texmf-dist/tex/latex/psnfss/ts1phv.fd
File: ts1phv.fd 2020/03/25 scalable font definitions for TS1/phv.
)
LaTeX Font Info:    Font shape `TS1/phv/m/n' will be
(Font)              scaled to size 10.40245pt on input line 495.
File: logoheader.png Graphic file (type png)
<use logoheader.png>
Package pdftex.def Info: logoheader.png  used on input line 505.
(pdftex.def)             Requested size: 199.16928pt x 12.14133pt.
File: logoverticale.png Graphic file (type png)
<use logoverticale.png>
Package pdftex.def Info: logoverticale.png  used on input line 505.
(pdftex.def)             Requested size: 13.35057pt x 125.19212pt.
 [17

]
Appendice C.
File: logoverticale.png Graphic file (type png)
<use logoverticale.png>
Package pdftex.def Info: logoverticale.png  used on input line 524.
(pdftex.def)             Requested size: 13.35057pt x 125.19212pt.
[18

] 
enddocument/afterlastpage: lastpage setting LastPage.
(./document.aux)
 ***********
LaTeX2e <2023-11-01> patch level 1
L3 programming layer <2024-01-22>
 ***********
 ) 
Here is how much of TeX's memory you used:
 6486 strings out of 476171
 103406 string characters out of 5795119
 1934975 words of memory out of 5000000
 28378 multiletter control sequences out of 15000+600000
 599330 words of font info for 76 fonts, out of 8000000 for 9000
 14 hyphenation exceptions out of 8191
 94i,16n,107p,325b,480s stack positions out of 10000i,1000n,20000p,200000b,200000s
 </home/luca/.texlive2023/texmf-var/fonts/pk/ljfour/jknappen/ec/ectt1095.600pk></usr/share/texlive/texmf-dist/fonts/type1/urw/helvetic/uhvb8a.pfb></usr/share/texlive/texmf-dist/fonts/type1/urw/helvetic/uhvr8a.pfb></usr/share/texlive/texmf-dist/fonts/type1/urw/times/utmr8a.pfb>
Output written on document.pdf (24 pages, 93706 bytes).
PDF statistics:
 154 PDF objects out of 1000 (max. 8388607)
 68 compressed objects within 1 object stream
 0 named destinations out of 1000 (max. 500000)
 16 words of extra memory for PDF output out of 10000 (max. 10000000)

